<?xml version="1.0" encoding="UTF-8"?>
<!-- Generated by org.testng.reporters.JUnitReportReporter -->
<testsuite skipped="0" hostname="Parthibans-MacBook-Pro.local" name="com.bo.qa.testCases.HomePageTest" tests="1" failures="0" timestamp="18 Nov 2017 15:31:01 GMT" time="4.397" errors="0">
  <testcase name="homePageTitleTest" time="4.397" classname="com.bo.qa.testCases.HomePageTest"/>
</testsuite> <!-- com.bo.qa.testCases.HomePageTest -->
