<?xml version="1.0" encoding="UTF-8"?>
<!-- Generated by org.testng.reporters.JUnitReportReporter -->
<testsuite skipped="1" hostname="Parthibans-MacBook-Pro.local" name="com.bo.qa.testCases.CreateTransactionPageTest" tests="1" failures="0" timestamp="19 Nov 2017 06:09:10 GMT" time="0.000" errors="0">
  <testcase name="createNewTransaction1" time="0.000" classname="com.bo.qa.testCases.CreateTransactionPageTest">
    <skipped/>
  </testcase> <!-- createNewTransaction1 -->
</testsuite> <!-- com.bo.qa.testCases.CreateTransactionPageTest -->
