<?xml version="1.0" encoding="UTF-8"?>
<!-- Generated by org.testng.reporters.JUnitReportReporter -->
<testsuite skipped="0" hostname="Parthibans-MacBook-Pro.local" name="com.bo.qa.testCases.LoginPageTest" tests="1" failures="0" timestamp="18 Nov 2017 15:30:51 GMT" time="3.853" errors="0">
  <testcase name="loginPageTitleTest" time="3.853" classname="com.bo.qa.testCases.LoginPageTest"/>
</testsuite> <!-- com.bo.qa.testCases.LoginPageTest -->
